<?xml version="1.0" encoding="UTF-8"?>
<!-- Generated by org.testng.reporters.JUnitXMLReporter -->
<testsuite ignored="0" hostname="Vibha-PC" failures="1" tests="1" name="LoginTest" time="10.991" errors="0" timestamp="02 Jul 2024 17:02:26 GMT">
  <testcase classname="testCases.TestCaseLogin" name="TestValidLogin" time="0.0">
    <failure type="org.testng.TestNGException" message="
Parameter &amp;apos;uname&amp;apos; is required by @Test on method TestValidLogin but has not been marked @Optional or defined
in C:\Users\Vibha\eclipse-workspace\DemoGuru99Login\testng.xml">
      <![CDATA[org.testng.TestNGException: 
Parameter 'uname' is required by @Test on method TestValidLogin but has not been marked @Optional or defined
in C:\Users\Vibha\eclipse-workspace\DemoGuru99Login\testng.xml
... Removed 24 stack frames]]>
    </failure>
  </testcase> <!-- TestValidLogin -->
</testsuite> <!-- LoginTest -->
